<?xml version="1.0" encoding="UTF-8"?>
<!-- Generated by org.testng.reporters.JUnitReportReporter -->
<testsuite hostname="LAPTOP-OL5JOLO1" failures="0" tests="6" name="practicetestng.TestNGRunner7" time="0.011" errors="0" timestamp="2021-07-05T12:59:47 IST" skipped="0">
  <testcase classname="practicetestng.TestNGRunner7" name="numbersaddition" time="0.001"/>
  <system-out/>
  <testcase classname="practicetestng.TestNGRunner7" name="numberssubtarct" time="0.001"/>
  <system-out/>
  <testcase classname="practicetestng.TestNGRunner7" name="stringConcat" time="0.001"/>
  <system-out/>
  <testcase classname="practicetestng.TestNGRunner7" name="numberssubtarct" time="0.000"/>
  <system-out/>
  <testcase classname="practicetestng.TestNGRunner7" name="numbersaddition" time="0.006"/>
  <system-out/>
  <testcase classname="practicetestng.TestNGRunner7" name="stringConcat" time="0.002"/>
  <system-out/>
</testsuite> <!-- practicetestng.TestNGRunner7 -->
