<?xml version="1.0" encoding="UTF-8"?>
<!-- Generated by org.testng.reporters.JUnitReportReporter -->
<testsuite hostname="LAPTOP-OL5JOLO1" failures="0" tests="15" name="practicetestng.TestNGRunner4" time="0.017" errors="0" timestamp="2021-07-05T12:32:05 IST" skipped="0">
  <testcase classname="practicetestng.TestNGRunner4" name="method2" time="0.001"/>
  <system-out/>
  <testcase classname="practicetestng.TestNGRunner4" name="method2" time="0.001"/>
  <system-out/>
  <testcase classname="practicetestng.TestNGRunner4" name="method2" time="0.000"/>
  <system-out/>
  <testcase classname="practicetestng.TestNGRunner4" name="method2" time="0.001"/>
  <system-out/>
  <testcase classname="practicetestng.TestNGRunner4" name="method2" time="0.001"/>
  <system-out/>
  <testcase classname="practicetestng.TestNGRunner4" name="method2" time="0.006"/>
  <system-out/>
  <testcase classname="practicetestng.TestNGRunner4" name="method2" time="0.001"/>
  <system-out/>
  <testcase classname="practicetestng.TestNGRunner4" name="method2" time="0.000"/>
  <system-out/>
  <testcase classname="practicetestng.TestNGRunner4" name="method2" time="0.001"/>
  <system-out/>
  <testcase classname="practicetestng.TestNGRunner4" name="method2" time="0.001"/>
  <system-out/>
  <testcase classname="practicetestng.TestNGRunner4" name="method2" time="0.000"/>
  <system-out/>
  <testcase classname="practicetestng.TestNGRunner4" name="method2" time="0.001"/>
  <system-out/>
  <testcase classname="practicetestng.TestNGRunner4" name="method2" time="0.001"/>
  <system-out/>
  <testcase classname="practicetestng.TestNGRunner4" name="method2" time="0.001"/>
  <system-out/>
  <testcase classname="practicetestng.TestNGRunner4" name="method2" time="0.001"/>
  <system-out/>
</testsuite> <!-- practicetestng.TestNGRunner4 -->
