<?xml version="1.0" encoding="UTF-8"?>
<!-- Generated by org.testng.reporters.JUnitReportReporter -->
<testsuite hostname="LAPTOP-OL5JOLO1" failures="0" tests="20" name="tests.LoginTest4WithXml" time="305.043" errors="0" timestamp="2021-07-07T13:42:32 IST" skipped="0">
  <testcase classname="tests.LoginTest4WithXml" name="launch" time="32.445"/>
  <system-out/>
  <testcase classname="tests.LoginTest4WithXml" name="launch" time="32.161"/>
  <system-out/>
  <testcase classname="tests.LoginTest4WithXml" name="launch" time="35.746"/>
  <system-out/>
  <testcase classname="tests.LoginTest4WithXml" name="launch" time="35.902"/>
  <system-out/>
  <testcase classname="tests.LoginTest4WithXml" name="launch" time="22.313"/>
  <system-out/>
  <testcase classname="tests.LoginTest4WithXml" name="uidTest" time="5.447"/>
  <system-out>
    <![CDATA[valid uid test passed]]>
  </system-out>
  <testcase classname="tests.LoginTest4WithXml" name="uidTest" time="5.505"/>
  <system-out>
    <![CDATA[uid blank test passed]]>
  </system-out>
  <testcase classname="tests.LoginTest4WithXml" name="uidTest" time="5.534"/>
  <system-out>
    <![CDATA[valid uid test passed]]>
  </system-out>
  <testcase classname="tests.LoginTest4WithXml" name="uidTest" time="5.422"/>
  <system-out>
    <![CDATA[uid invalid test passed]]>
  </system-out>
  <testcase classname="tests.LoginTest4WithXml" name="uidTest" time="5.543"/>
  <system-out>
    <![CDATA[valid uid test passed]]>
  </system-out>
  <testcase classname="tests.LoginTest4WithXml" name="pwdTest" time="5.297"/>
  <system-out>
    <![CDATA[blank pwd test passed]]>
  </system-out>
  <testcase classname="tests.LoginTest4WithXml" name="pwdTest" time="0.001"/>
  <system-out>
    <![CDATA[No need to test password]]>
  </system-out>
  <testcase classname="tests.LoginTest4WithXml" name="pwdTest" time="104.646"/>
  <system-out>
    <![CDATA[valid pwd test passed]]>
  </system-out>
  <testcase classname="tests.LoginTest4WithXml" name="pwdTest" time="0.000"/>
  <system-out>
    <![CDATA[No need to test password]]>
  </system-out>
  <testcase classname="tests.LoginTest4WithXml" name="pwdTest" time="5.391"/>
  <system-out>
    <![CDATA[invalid pwd test passed]]>
  </system-out>
  <testcase classname="tests.LoginTest4WithXml" name="close" time="0.828"/>
  <system-out/>
  <testcase classname="tests.LoginTest4WithXml" name="close" time="0.756"/>
  <system-out/>
  <testcase classname="tests.LoginTest4WithXml" name="close" time="0.696"/>
  <system-out/>
  <testcase classname="tests.LoginTest4WithXml" name="close" time="0.694"/>
  <system-out/>
  <testcase classname="tests.LoginTest4WithXml" name="close" time="0.716"/>
  <system-out/>
</testsuite> <!-- tests.LoginTest4WithXml -->
