<?xml version="1.0" encoding="UTF-8"?>
<!-- Generated by org.testng.reporters.JUnitReportReporter -->
<testsuite hostname="LAPTOP-OL5JOLO1" failures="0" tests="2" name="practicetestng.DummyTest1" time="15.155" errors="0" timestamp="2021-07-05T13:27:44 IST" skipped="0">
  <testcase classname="practicetestng.DummyTest1" name="method1" time="6.127"/>
  <system-out/>
  <testcase classname="practicetestng.DummyTest1" name="method2" time="9.028"/>
  <system-out/>
</testsuite> <!-- practicetestng.DummyTest1 -->
