<?xml version="1.0" encoding="UTF-8"?>
<!-- Generated by org.testng.reporters.JUnitReportReporter -->
<testsuite hostname="LAPTOP-OL5JOLO1" failures="0" tests="1" name="practicetestng.DummyTest3" time="0.007" errors="0" timestamp="2021-06-26T20:31:38 IST" skipped="0">
  <testcase classname="practicetestng.DummyTest3" name="method1" time="0.007"/>
  <system-out/>
</testsuite> <!-- practicetestng.DummyTest3 -->
