<?xml version="1.0" encoding="UTF-8"?>
<!-- Generated by org.testng.reporters.JUnitReportReporter -->
<testsuite hostname="LAPTOP-OL5JOLO1" failures="0" tests="1" name="practicetestng.TestNGRunner9" time="0.007" errors="0" timestamp="2021-07-05T13:03:48 IST" skipped="0">
  <testcase classname="practicetestng.TestNGRunner9" name="method123" time="0.007"/>
  <system-out/>
</testsuite> <!-- practicetestng.TestNGRunner9 -->
