<?xml version="1.0" encoding="UTF-8"?>
<!-- Generated by org.testng.reporters.JUnitReportReporter -->
<testsuite hostname="LAPTOP-OL5JOLO1" failures="0" tests="1" name="tests.LoginTest1WithTextFile" time="254.724" errors="0" timestamp="2021-07-05T16:29:01 IST" skipped="0">
  <testcase classname="tests.LoginTest1WithTextFile" name="LoginTest" time="254.724"/>
  <system-out>
    <![CDATA[valid uid test passed
Valid pwd test passed
uid blank test paseed
Invalid uid test passed
valid uid test passed
blank pwd test passed
valid uid test passed
Invalid pwd test paseed
valid uid test passed
Valid pwd test passed
uid blank test paseed
Invalid uid test passed
valid uid test passed
blank pwd test passed
valid uid test passed
Invalid pwd test paseed
valid uid test passed
Valid pwd test passed
uid blank test paseed
Invalid uid test passed
valid uid test passed
blank pwd test passed
valid uid test passed
Invalid pwd test paseed]]>
  </system-out>
</testsuite> <!-- tests.LoginTest1WithTextFile -->
