<?xml version="1.0" encoding="UTF-8"?>
<!-- Generated by org.testng.reporters.JUnitReportReporter -->
<testsuite hostname="LAPTOP-OL5JOLO1" failures="0" tests="1" name="practicetestng.TestNGRunner12" time="32.225" errors="0" timestamp="2021-06-23T11:17:17 IST" skipped="0">
  <testcase classname="practicetestng.TestNGRunner12" name="method1" time="32.225"/>
  <system-out>
    <![CDATA[Chrome browser opened
Google site launched
<a href="F:\batch253\org.tdd.Framework\target\23-Jun-2021-11-17-16.png"><img src="F:\batch253\org.tdd.Framework\target\23-Jun-2021-11-17-16.png"height="100"width="100"/></a>]]>
  </system-out>
</testsuite> <!-- practicetestng.TestNGRunner12 -->
