<?xml version="1.0" encoding="UTF-8"?>
<!-- Generated by org.testng.reporters.JUnitReportReporter -->
<testsuite hostname="LAPTOP-OL5JOLO1" failures="0" tests="1" name="tests.LoginTest2withExcelFile" time="287.123" errors="0" timestamp="2021-07-05T16:44:24 IST" skipped="0">
  <testcase classname="tests.LoginTest2withExcelFile" name="Logintest" time="287.123"/>
  <system-out>
    <![CDATA[valid uid test passed
Valid pwd test passed
uid blank test passed
Invalid uid test passed
valid uid test passed
valid uid test passed
valid uid test passed
Invalid pwd test passed
valid uid test passed
Valid pwd test passed
uid blank test passed
Invalid uid test passed
valid uid test passed
valid uid test passed
valid uid test passed
Invalid pwd test passed
valid uid test passed
Valid pwd test passed
uid blank test passed
Invalid uid test passed
valid uid test passed
valid uid test passed
valid uid test passed
Invalid pwd test passed]]>
  </system-out>
</testsuite> <!-- tests.LoginTest2withExcelFile -->
