<?xml version="1.0" encoding="UTF-8"?>
<!-- Generated by org.testng.reporters.JUnitReportReporter -->
<testsuite hostname="LAPTOP-OL5JOLO1" failures="0" tests="5" name="tests.LoginTest3WithDp" time="80.656" errors="0" timestamp="2021-07-05T17:16:22 IST" skipped="0">
  <testcase classname="tests.LoginTest3WithDp" name="logintest" time="29.181"/>
  <system-out>
    <![CDATA[valid uid test passed
Valid pwd test passed]]>
  </system-out>
  <testcase classname="tests.LoginTest3WithDp" name="logintest" time="15.605"/>
  <system-out>
    <![CDATA[valid uid test passed
Invalid pwd test passed]]>
  </system-out>
  <testcase classname="tests.LoginTest3WithDp" name="logintest" time="10.006"/>
  <system-out>
    <![CDATA[uid blank test passed]]>
  </system-out>
  <testcase classname="tests.LoginTest3WithDp" name="logintest" time="9.412"/>
  <system-out>
    <![CDATA[Invalid uid test passed]]>
  </system-out>
  <testcase classname="tests.LoginTest3WithDp" name="logintest" time="16.452"/>
  <system-out>
    <![CDATA[valid uid test passed
valid uid test passed]]>
  </system-out>
</testsuite> <!-- tests.LoginTest3WithDp -->
