<?xml version="1.0" encoding="UTF-8"?>
<!-- Generated by org.testng.reporters.JUnitReportReporter -->
<testsuite hostname="LAPTOP-OL5JOLO1" failures="0" tests="2" name="practicetestng.TestNGRunner8" time="0.010" errors="0" timestamp="2021-07-05T13:02:20 IST" skipped="0">
  <testcase classname="practicetestng.TestNGRunner8" name="testmethod" time="0.001"/>
  <system-out/>
  <testcase classname="practicetestng.TestNGRunner8" name="testmethod" time="0.009"/>
  <system-out/>
</testsuite> <!-- practicetestng.TestNGRunner8 -->
