<?xml version="1.0" encoding="UTF-8"?>
<!-- Generated by org.testng.reporters.JUnitReportReporter -->
<testsuite hostname="LAPTOP-OL5JOLO1" failures="0" tests="2" name="practicetestng.TestNGRunner11" time="0.007" errors="0" timestamp="2021-06-22T16:05:45 IST" skipped="0">
  <testcase classname="practicetestng.TestNGRunner11" name="testcase1" time="0.004"/>
  <system-out/>
  <testcase classname="practicetestng.TestNGRunner11" name="testcase2" time="0.003"/>
  <system-out/>
</testsuite> <!-- practicetestng.TestNGRunner11 -->
