<?xml version="1.0" encoding="UTF-8"?>
<!-- Generated by org.testng.reporters.JUnitReportReporter -->
<testsuite hostname="LAPTOP-OL5JOLO1" failures="0" tests="2" name="practicetestng.DummyTest2" time="13.232" errors="0" timestamp="2021-07-05T13:27:44 IST" skipped="0">
  <testcase classname="practicetestng.DummyTest2" name="method1" time="5.777"/>
  <system-out/>
  <testcase classname="practicetestng.DummyTest2" name="method2" time="7.455"/>
  <system-out/>
</testsuite> <!-- practicetestng.DummyTest2 -->
